
> client@0.1.0 start
> vite

[33mThe CJS build of Vite's Node API is deprecated. See https://vitejs.dev/guide/troubleshooting.html#vite-cjs-node-api-deprecated for more details.[39m
error when starting dev server:
Error: Port 3000 is already in use
    at Server.onError (file:///home/adagen/e-shop/client/node_modules/vite/dist/node/chunks/dep-BaOMuo4I.js:45532:18)
    at Server.emit (node:events:517:28)
    at emitErrorNT (node:net:1844:8)
    at process.processTicksAndRejections (node:internal/process/task_queues:82:21)

> client@0.1.0 start
> vite

[33mThe CJS build of Vite's Node API is deprecated. See https://vitejs.dev/guide/troubleshooting.html#vite-cjs-node-api-deprecated for more details.[39m
error when starting dev server:
Error: Port 3000 is already in use
    at Server.onError (file:///home/adagen/e-shop/client/node_modules/vite/dist/node/chunks/dep-BaOMuo4I.js:45532:18)
    at Server.emit (node:events:517:28)
    at emitErrorNT (node:net:1844:8)
    at process.processTicksAndRejections (node:internal/process/task_queues:82:21)

> client@0.1.0 start
> vite

[33mThe CJS build of Vite's Node API is deprecated. See https://vitejs.dev/guide/troubleshooting.html#vite-cjs-node-api-deprecated for more details.[39m

  VITE v5.4.3  ready in 231 ms

  ➜  Local:   http://localhost:3000/
  ➜  Network: http://194.238.17.222:3000/

> client@0.1.0 start
> vite

[33mThe CJS build of Vite's Node API is deprecated. See https://vitejs.dev/guide/troubleshooting.html#vite-cjs-node-api-deprecated for more details.[39m

  VITE v5.4.3  ready in 213 ms

  ➜  Local:   http://localhost:3000/
  ➜  Network: http://194.238.17.222:3000/
